0 info it worked if it ends with ok
1 verbose cli [ '/usr/local/bin/node',
1 verbose cli   '/usr/local/bin/npm',
1 verbose cli   'install',
1 verbose cli   '-g',
1 verbose cli   'bower' ]
2 info using npm@3.3.12
3 info using node@v5.5.0
4 silly loadCurrentTree Starting
5 silly install loadCurrentTree
6 silly install readGlobalPackageData
7 silly fetchPackageMetaData bower
8 silly fetchNamedPackageData bower
9 silly mapToRegistry name bower
10 silly mapToRegistry using default registry
11 silly mapToRegistry registry https://registry.npmjs.org/
12 silly mapToRegistry uri https://registry.npmjs.org/bower
13 verbose request uri https://registry.npmjs.org/bower
14 verbose request no auth needed
15 info attempt registry request try #1 at 14:15:35
16 verbose request id cd522a02ca24461e
17 http request GET https://registry.npmjs.org/bower
18 info retry will retry, error on last attempt: Error: read ETIMEDOUT
19 info attempt registry request try #2 at 14:21:38
20 http request GET https://registry.npmjs.org/bower
21 info retry will retry, error on last attempt: Error: read ETIMEDOUT
22 info attempt registry request try #3 at 14:28:44
23 http request GET https://registry.npmjs.org/bower
24 silly fetchPackageMetaData Error: read ETIMEDOUT
24 silly fetchPackageMetaData     at exports._errnoException (util.js:856:11)
24 silly fetchPackageMetaData     at TLSWrap.onread (net.js:544:26)
24 silly fetchPackageMetaData  error for bower { [Error: read ETIMEDOUT] code: 'ETIMEDOUT', errno: 'ETIMEDOUT', syscall: 'read' }
25 silly rollbackFailedOptional Starting
26 silly rollbackFailedOptional Finishing
27 silly runTopLevelLifecycles Starting
28 silly runTopLevelLifecycles Finishing
29 silly install printInstalled
30 verbose stack Error: read ETIMEDOUT
30 verbose stack     at exports._errnoException (util.js:856:11)
30 verbose stack     at TLSWrap.onread (net.js:544:26)
31 verbose cwd /Users/yifeng/Desktop/devNG
32 error Darwin 15.4.0
33 error argv "/usr/local/bin/node" "/usr/local/bin/npm" "install" "-g" "bower"
34 error node v5.5.0
35 error npm  v3.3.12
36 error code ETIMEDOUT
37 error errno ETIMEDOUT
38 error syscall read
39 error network read ETIMEDOUT
39 error network This is most likely not a problem with npm itself
39 error network and is related to network connectivity.
39 error network In most cases you are behind a proxy or have bad network settings.
39 error network
39 error network If you are behind a proxy, please make sure that the
39 error network 'proxy' config is set properly.  See: 'npm help config'
40 verbose exit [ 1, true ]
